\BOOKMARK [1][-]{section.1}{\376\377\000I\000n\000t\000r\000o\000d\000u\000c\000t\000i\000o\000n}{}% 1
\BOOKMARK [1][-]{section.2}{\376\377\000T\000h\000e\000o\000r\000e\000t\000i\000c\000a\000l\000\040\000c\000o\000m\000p\000i\000l\000a\000t\000i\000o\000n}{}% 2
\BOOKMARK [2][-]{subsection.2.1}{\376\377\000L\000i\000n\000e\000a\000r\000\040\000c\000i\000r\000c\000u\000i\000t\000\040\000a\000n\000a\000l\000y\000s\000i\000s\000\040}{section.2}% 3
\BOOKMARK [2][-]{subsection.2.2}{\376\377\000D\000i\000f\000f\000e\000r\000e\000n\000t\000\040\000n\000o\000i\000s\000e\000s\000\040\000i\000n\000\040\000t\000h\000e\000\040\000c\000i\000r\000c\000u\000i\000t\000\040}{section.2}% 4
\BOOKMARK [3][-]{subsubsection.2.2.1}{\376\377\000F\000l\000i\000c\000k\000e\000r\000\040\000N\000o\000i\000s\000e\000\040}{subsection.2.2}% 5
\BOOKMARK [3][-]{subsubsection.2.2.2}{\376\377\000S\000h\000o\000t\000\040\000n\000o\000i\000s\000e\000\040}{subsection.2.2}% 6
\BOOKMARK [3][-]{subsubsection.2.2.3}{\376\377\000A\000v\000a\000l\000a\000n\000c\000h\000e\000\040\000o\000r\000\040\000z\000e\000n\000e\000r\000\040\000n\000o\000i\000s\000e\000\040}{subsection.2.2}% 7
\BOOKMARK [3][-]{subsubsection.2.2.4}{\376\377\000T\000h\000e\000r\000m\000a\000l\000\040\000n\000o\000i\000s\000e\000\040}{subsection.2.2}% 8
\BOOKMARK [1][-]{section.3}{\376\377\000M\000e\000t\000h\000o\000d\000o\000l\000o\000g\000y}{}% 9
\BOOKMARK [2][-]{subsection.3.1}{\376\377\000O\000u\000r\000\040\000v\000o\000l\000t\000a\000g\000e\000\040\000r\000e\000g\000u\000l\000a\000t\000i\000o\000n\000\040\000c\000i\000r\000c\000u\000i\000t}{section.3}% 10
\BOOKMARK [2][-]{subsection.3.2}{\376\377\000M\000e\000a\000s\000u\000r\000i\000n\000g\000\040\000i\000n\000s\000t\000r\000u\000m\000e\000n\000t\000:\000\040\000L\000O\000C\000K\000\040\000I\000N\000\040\000a\000m\000p\000l\000i\000f\000i\000e\000r}{section.3}% 11
\BOOKMARK [3][-]{subsubsection.3.2.1}{\376\377\000P\000h\000a\000s\000e\000\040\000s\000e\000n\000s\000i\000t\000i\000v\000e\000\040\000d\000e\000t\000e\000c\000t\000i\000o\000n}{subsection.3.2}% 12
\BOOKMARK [3][-]{subsubsection.3.2.2}{\376\377\000T\000i\000m\000e\000\040\000C\000o\000n\000s\000t\000a\000n\000t\000\040}{subsection.3.2}% 13
\BOOKMARK [3][-]{subsubsection.3.2.3}{\376\377\000E\000N\000B\000W}{subsection.3.2}% 14
\BOOKMARK [3][-]{subsubsection.3.2.4}{\376\377\000S\000e\000n\000s\000i\000t\000i\000v\000i\000t\000y}{subsection.3.2}% 15
\BOOKMARK [3][-]{subsubsection.3.2.5}{\376\377\000L\000O\000C\000K\000\040\000I\000N\000\040\000a\000m\000p\000l\000i\000f\000i\000e\000r\000\040\000o\000v\000e\000r\000\040\000t\000r\000a\000d\000i\000t\000i\000o\000n\000a\000l\000\040\000m\000e\000a\000s\000u\000r\000i\000n\000g\000\040\000d\000e\000v\000i\000c\000e\000/\000s\000y\000s\000t\000e\000m}{subsection.3.2}% 16
\BOOKMARK [2][-]{subsection.3.3}{\376\377\000S\000R\0008\0003\0000}{section.3}% 17
\BOOKMARK [3][-]{subsubsection.3.3.1}{\376\377\000I\000n\000p\000u\000t\000s}{subsection.3.3}% 18
\BOOKMARK [3][-]{subsubsection.3.3.2}{\376\377\000O\000u\000t\000p\000u\000t\000s}{subsection.3.3}% 19
\BOOKMARK [3][-]{subsubsection.3.3.3}{\376\377\000I\000n\000t\000e\000r\000f\000a\000c\000i\000n\000g}{subsection.3.3}% 20
\BOOKMARK [1][-]{section.4}{\376\377\000R\000e\000s\000u\000l\000t\000s\000\040\000a\000n\000d\000\040\000A\000n\000a\000l\000y\000s\000i\000s}{}% 21
\BOOKMARK [2][-]{subsection.4.1}{\376\377\000L\000o\000w\000\040\000f\000r\000e\000q\000u\000e\000n\000c\000y\000:\000\040\000u\000p\000\040\000t\000o\000\040\0001\0000\000k\000\040\000h\000e\000r\000t\000z}{section.4}% 22
\BOOKMARK [2][-]{subsection.4.2}{\376\377\000V\000e\000r\000y\000\040\000l\000o\000w\000\040\000f\000r\000e\000q\000u\000e\000n\000c\000y\000:\000\040\000u\000p\000t\000o\000\040\0001\000\040\000h\000e\000r\000t\000z}{section.4}% 23
\BOOKMARK [2][-]{subsection.4.3}{\376\377\000H\000i\000g\000h\000\040\000f\000r\000e\000q\000u\000e\000n\000c\000y\000\040\000d\000a\000t\000a\000:\000\040\000u\000p\000\040\000t\000o\000\040\0001\0000\0000\000k\000\040\000h\000e\000r\000t\000z}{section.4}% 24
\BOOKMARK [1][-]{section.5}{\376\377\000C\000o\000n\000c\000l\000u\000t\000i\000o\000n\000s}{}% 25
\BOOKMARK [1][-]{section.5}{\376\377\000R\000e\000f\000e\000r\000e\000n\000c\000e\000s}{}% 26
\BOOKMARK [1][-]{section.5}{\376\377\000A\000p\000p\000e\000n\000d\000i\000x}{}% 27
\BOOKMARK [2][-]{section*.1}{\376\377\000C\000o\000d\000e\000\040\000f\000o\000r\000\040\000d\000a\000t\000a\000\040\000a\000n\000a\000l\000y\000s\000i\000s}{section.5}% 28
\BOOKMARK [2][-]{section*.1}{\376\377\000P\000y\000I\000n\000s\000t\000r\000o}{section.5}% 29
