\BOOKMARK [1][-]{section.1}{\376\377\000I\000N\000T\000R\000O\000D\000U\000C\000T\000I\000O\000N}{}% 1
\BOOKMARK [2][-]{subsection.1.1}{\376\377\000R\000e\000s\000p\000o\000n\000s\000i\000b\000i\000l\000i\000t\000i\000e\000s\000\040\000o\000f\000\040\000a\000n\000\040\000e\000m\000e\000r\000g\000e\000n\000c\000y\000\040\000r\000e\000s\000p\000o\000n\000s\000e\000\040\000t\000e\000a\000m}{section.1}% 2
\BOOKMARK [2][-]{subsection.1.2}{\376\377\000C\000B\000R\000N\000E\000\040\000m\000a\000n\000a\000g\000e\000m\000e\000n\000t\000\040\000a\000n\000d\000\040\000t\000e\000a\000m\000\040\000s\000t\000r\000u\000c\000t\000u\000r\000e}{section.1}% 3
\BOOKMARK [2][-]{subsection.1.3}{\376\377\000B\000r\000i\000e\000f\000\040\000o\000u\000t\000l\000i\000n\000e\000\040\000o\000f\000\040\000P\000R\000O\000B\000E\000\040\000a\000n\000d\000\040\000a\000c\000c\000o\000m\000p\000a\000n\000y\000i\000n\000g\000\040\000a\000p\000p\000l\000i\000c\000a\000t\000i\000o\000n\000s}{section.1}% 4
\BOOKMARK [1][-]{section.2}{\376\377\000T\000H\000E\000O\000R\000E\000T\000I\000C\000A\000L\000\040\000F\000R\000A\000M\000E\000W\000O\000R\000K\000:\000\040\000D\000I\000S\000T\000R\000I\000B\000U\000T\000E\000D\000\040\000C\000O\000G\000N\000I\000T\000I\000O\000N\000\040\000A\000N\000D\000\040\000C\000O\000G\000N\000I\000T\000I\000V\000E\000\040\000E\000T\000H\000N\000O\000G\000R\000A\000P\000H\000Y}{}% 5
\BOOKMARK [2][-]{subsection.2.1}{\376\377\000T\000e\000a\000m\000w\000o\000r\000k\000\040\000a\000n\000d\000\040\000c\000o\000m\000m\000u\000n\000i\000c\000a\000t\000i\000o\000n}{section.2}% 6
\BOOKMARK [2][-]{subsection.2.2}{\376\377\000C\000o\000m\000m\000u\000n\000i\000c\000a\000t\000i\000o\000n\000\040\000a\000n\000a\000l\000y\000s\000i\000s}{section.2}% 7
\BOOKMARK [2][-]{subsection.2.3}{\376\377\000C\000o\000n\000t\000e\000n\000t\000\040\000a\000n\000a\000l\000y\000s\000i\000s}{section.2}% 8
\BOOKMARK [1][-]{section.3}{\376\377\000M\000E\000T\000H\000O\000D}{}% 9
\BOOKMARK [2][-]{subsection.3.1}{\376\377\000P\000a\000r\000t\000i\000c\000i\000p\000a\000n\000t\000s}{section.3}% 10
\BOOKMARK [2][-]{subsection.3.2}{\376\377\000D\000e\000s\000i\000g\000n}{section.3}% 11
\BOOKMARK [2][-]{subsection.3.3}{\376\377\000A\000p\000p\000a\000r\000a\000t\000u\000s}{section.3}% 12
\BOOKMARK [2][-]{subsection.3.4}{\376\377\000P\000r\000o\000c\000e\000d\000u\000r\000e}{section.3}% 13
\BOOKMARK [2][-]{subsection.3.5}{\376\377\000D\000a\000t\000a\000\040\000a\000n\000a\000l\000y\000s\000i\000s}{section.3}% 14
\BOOKMARK [1][-]{section.4}{\376\377\000R\000E\000S\000U\000L\000T\000S}{}% 15
\BOOKMARK [2][-]{subsection.4.1}{\376\377\000E\000v\000e\000n\000t\000\040\000d\000e\000s\000c\000r\000i\000p\000t\000i\000o\000n}{section.4}% 16
\BOOKMARK [2][-]{subsection.4.2}{\376\377\000C\000o\000m\000m\000u\000n\000i\000c\000a\000t\000i\000o\000n\000\040\000a\000n\000a\000l\000y\000s\000i\000s\000\040\000r\000e\000s\000u\000l\000t\000s}{section.4}% 17
\BOOKMARK [2][-]{subsection.4.3}{\376\377\000L\000a\000t\000e\000n\000t\000\040\000i\000n\000d\000u\000c\000t\000i\000v\000e\000\040\000c\000o\000n\000t\000e\000n\000t\000\040\000a\000n\000a\000l\000y\000s\000i\000s\000\040\000r\000e\000s\000u\000l\000t\000s}{section.4}% 18
\BOOKMARK [2][-]{subsection.4.4}{\376\377\000I\000n\000t\000e\000r\000-\000r\000a\000t\000e\000r\000\040\000r\000e\000l\000i\000a\000b\000i\000l\000i\000t\000y}{section.4}% 19
\BOOKMARK [2][-]{subsection.4.5}{\376\377\000C\000o\000m\000m\000u\000n\000i\000c\000a\000t\000i\000o\000n\000\040\000a\000n\000d\000\040\000t\000e\000a\000m\000w\000o\000r\000k}{section.4}% 20
\BOOKMARK [2][-]{subsection.4.6}{\376\377\000C\000B\000R\000N\000E\000\040\000s\000i\000m\000u\000l\000a\000t\000i\000o\000n\000\040\000g\000o\000a\000l\000s\000\040\000v\000o\000i\000c\000e\000d\000\040\000d\000u\000r\000i\000n\000g\000\040\000d\000e\000b\000r\000i\000e\000f\000i\000n\000g}{section.4}% 21
\BOOKMARK [1][-]{section.5}{\376\377\000D\000I\000S\000C\000U\000S\000S\000I\000O\000N}{}% 22
\BOOKMARK [2][-]{subsection.5.1}{\376\377\000T\000h\000e\000o\000r\000e\000t\000i\000c\000a\000l\000\040\000i\000m\000p\000l\000i\000c\000a\000t\000i\000o\000n\000s}{section.5}% 23
\BOOKMARK [2][-]{subsection.5.2}{\376\377\000T\000h\000e\000\040\000r\000o\000l\000e\000\040\000o\000f\000\040\000P\000R\000O\000B\000E}{section.5}% 24
\BOOKMARK [2][-]{subsection.5.3}{\376\377\000M\000o\000d\000i\000f\000i\000c\000a\000t\000i\000o\000n\000\040\000o\000f\000\040\000a\000n\000a\000l\000y\000s\000i\000s\000\040\000m\000e\000t\000h\000o\000d\000s}{section.5}% 25
\BOOKMARK [1][-]{section.6}{\376\377\000C\000O\000N\000C\000L\000U\000D\000I\000N\000G\000\040\000R\000E\000M\000A\000R\000K\000S}{}% 26
